

Microchip MPLAB XC8 Assembler V2.32 build 20210201212658 
                                                                                               Mon Feb 28 11:52:16 2022

Microchip MPLAB XC8 C Compiler v2.32 (Free license) build 20210201212658 Og1 
     1                           	processor	16F877A
     2                           	pagewidth 120
     3                           	opt	flic
     4                           	psect	strings,global,class=STRING,delta=2,noexec
     5                           	psect	cinit,global,class=CODE,merge=1,delta=2
     6                           	psect	cstackCOMMON,global,class=COMMON,space=1,delta=1,noexec
     7                           	psect	cstackBANK0,global,class=BANK0,space=1,delta=1,noexec
     8                           	psect	maintext,global,class=CODE,split=1,delta=2
     9                           	psect	text1,local,class=CODE,merge=1,delta=2
    10                           	psect	text2,local,class=CODE,merge=1,delta=2
    11                           	psect	text3,local,class=CODE,merge=1,delta=2
    12                           	psect	text4,local,class=CODE,merge=1,delta=2
    13                           	psect	text5,local,class=CODE,merge=1,delta=2
    14                           	psect	text6,local,class=CODE,merge=1,delta=2
    15                           	psect	text7,local,class=CODE,merge=1,delta=2
    16                           	psect	text8,local,class=CODE,merge=1,delta=2
    17                           	psect	config,global,abs,ovrld,class=CONFIG,space=4,delta=2,noexec
    18                           	dabs	1,0x7E,2
    19  0000                     
    20                           ; Version 2.32
    21                           ; Generated 02/02/2021 GMT
    22                           ; 
    23                           ; Copyright © 2021, Microchip Technology Inc. and its subsidiaries ("Microchip")
    24                           ; All rights reserved.
    25                           ; 
    26                           ; This software is developed by Microchip Technology Inc. and its subsidiaries ("Microch
      +                          ip").
    27                           ; 
    28                           ; Redistribution and use in source and binary forms, with or without modification, are
    29                           ; permitted provided that the following conditions are met:
    30                           ; 
    31                           ;     1. Redistributions of source code must retain the above copyright notice, this lis
      +                          t of
    32                           ;        conditions and the following disclaimer.
    33                           ; 
    34                           ;     2. Redistributions in binary form must reproduce the above copyright notice, this 
      +                          list
    35                           ;        of conditions and the following disclaimer in the documentation and/or other
    36                           ;        materials provided with the distribution. Publication is not required when
    37                           ;        this file is used in an embedded application.
    38                           ; 
    39                           ;     3. Microchip's name may not be used to endorse or promote products derived from th
      +                          is
    40                           ;        software without specific prior written permission.
    41                           ; 
    42                           ; THIS SOFTWARE IS PROVIDED BY MICROCHIP "AS IS" AND ANY EXPRESS OR IMPLIED WARRANTIES,
    43                           ; INCLUDING, BUT NOT LIMITED TO, THE IMPLIED WARRANTIES OF MERCHANTABILITY AND FITNESS F
      +                          OR
    44                           ; PURPOSE ARE DISCLAIMED.  IN NO EVENT SHALL MICROCHIP BE LIABLE FOR ANY DIRECT, INDIREC
      +                          T,
    45                           ; INCIDENTAL, SPECIAL, EXEMPLARY, OR CONSEQUENTIAL DAMAGES (INCLUDING BUT NOT LIMITED TO
    46                           ; PROCUREMENT OF SUBSTITUTE GOODS OR SERVICES; LOSS OF USE, DATA OR PROFITS; OR BUSINESS
    47                           ; INTERRUPTION) HOWSOEVER CAUSED AND ON ANY THEORY OF LIABILITY, WHETHER IN CONTRACT, ST
      +                          RICT
    48                           ; LIABILITY, OR TORT (INCLUDING NEGLIGENCE OR OTHERWISE) ARISING IN ANY WAY OUT OF THE U
      +                          SE OF
    49                           ; THIS SOFTWARE, EVEN IF ADVISED OF THE POSSIBILITY OF SUCH DAMAGE.
    50                           ; 
    51                           ; 
    52                           ; Code-generator required, PIC16F877A Definitions
    53                           ; 
    54                           ; SFR Addresses
    55  0000                     	;# 
    56  0001                     	;# 
    57  0002                     	;# 
    58  0003                     	;# 
    59  0004                     	;# 
    60  0005                     	;# 
    61  0006                     	;# 
    62  0007                     	;# 
    63  0008                     	;# 
    64  0009                     	;# 
    65  000A                     	;# 
    66  000B                     	;# 
    67  000C                     	;# 
    68  000D                     	;# 
    69  000E                     	;# 
    70  000E                     	;# 
    71  000F                     	;# 
    72  0010                     	;# 
    73  0011                     	;# 
    74  0012                     	;# 
    75  0013                     	;# 
    76  0014                     	;# 
    77  0015                     	;# 
    78  0015                     	;# 
    79  0016                     	;# 
    80  0017                     	;# 
    81  0018                     	;# 
    82  0019                     	;# 
    83  001A                     	;# 
    84  001B                     	;# 
    85  001B                     	;# 
    86  001C                     	;# 
    87  001D                     	;# 
    88  001E                     	;# 
    89  001F                     	;# 
    90  0081                     	;# 
    91  0085                     	;# 
    92  0086                     	;# 
    93  0087                     	;# 
    94  0088                     	;# 
    95  0089                     	;# 
    96  008C                     	;# 
    97  008D                     	;# 
    98  008E                     	;# 
    99  0091                     	;# 
   100  0092                     	;# 
   101  0093                     	;# 
   102  0094                     	;# 
   103  0098                     	;# 
   104  0099                     	;# 
   105  009C                     	;# 
   106  009D                     	;# 
   107  009E                     	;# 
   108  009F                     	;# 
   109  010C                     	;# 
   110  010D                     	;# 
   111  010E                     	;# 
   112  010F                     	;# 
   113  018C                     	;# 
   114  018D                     	;# 
   115  0000                     	;# 
   116  0001                     	;# 
   117  0002                     	;# 
   118  0003                     	;# 
   119  0004                     	;# 
   120  0005                     	;# 
   121  0006                     	;# 
   122  0007                     	;# 
   123  0008                     	;# 
   124  0009                     	;# 
   125  000A                     	;# 
   126  000B                     	;# 
   127  000C                     	;# 
   128  000D                     	;# 
   129  000E                     	;# 
   130  000E                     	;# 
   131  000F                     	;# 
   132  0010                     	;# 
   133  0011                     	;# 
   134  0012                     	;# 
   135  0013                     	;# 
   136  0014                     	;# 
   137  0015                     	;# 
   138  0015                     	;# 
   139  0016                     	;# 
   140  0017                     	;# 
   141  0018                     	;# 
   142  0019                     	;# 
   143  001A                     	;# 
   144  001B                     	;# 
   145  001B                     	;# 
   146  001C                     	;# 
   147  001D                     	;# 
   148  001E                     	;# 
   149  001F                     	;# 
   150  0081                     	;# 
   151  0085                     	;# 
   152  0086                     	;# 
   153  0087                     	;# 
   154  0088                     	;# 
   155  0089                     	;# 
   156  008C                     	;# 
   157  008D                     	;# 
   158  008E                     	;# 
   159  0091                     	;# 
   160  0092                     	;# 
   161  0093                     	;# 
   162  0094                     	;# 
   163  0098                     	;# 
   164  0099                     	;# 
   165  009C                     	;# 
   166  009D                     	;# 
   167  009E                     	;# 
   168  009F                     	;# 
   169  010C                     	;# 
   170  010D                     	;# 
   171  010E                     	;# 
   172  010F                     	;# 
   173  018C                     	;# 
   174  018D                     	;# 
   175  0000                     	;# 
   176  0001                     	;# 
   177  0002                     	;# 
   178  0003                     	;# 
   179  0004                     	;# 
   180  0005                     	;# 
   181  0006                     	;# 
   182  0007                     	;# 
   183  0008                     	;# 
   184  0009                     	;# 
   185  000A                     	;# 
   186  000B                     	;# 
   187  000C                     	;# 
   188  000D                     	;# 
   189  000E                     	;# 
   190  000E                     	;# 
   191  000F                     	;# 
   192  0010                     	;# 
   193  0011                     	;# 
   194  0012                     	;# 
   195  0013                     	;# 
   196  0014                     	;# 
   197  0015                     	;# 
   198  0015                     	;# 
   199  0016                     	;# 
   200  0017                     	;# 
   201  0018                     	;# 
   202  0019                     	;# 
   203  001A                     	;# 
   204  001B                     	;# 
   205  001B                     	;# 
   206  001C                     	;# 
   207  001D                     	;# 
   208  001E                     	;# 
   209  001F                     	;# 
   210  0081                     	;# 
   211  0085                     	;# 
   212  0086                     	;# 
   213  0087                     	;# 
   214  0088                     	;# 
   215  0089                     	;# 
   216  008C                     	;# 
   217  008D                     	;# 
   218  008E                     	;# 
   219  0091                     	;# 
   220  0092                     	;# 
   221  0093                     	;# 
   222  0094                     	;# 
   223  0098                     	;# 
   224  0099                     	;# 
   225  009C                     	;# 
   226  009D                     	;# 
   227  009E                     	;# 
   228  009F                     	;# 
   229  010C                     	;# 
   230  010D                     	;# 
   231  010E                     	;# 
   232  010F                     	;# 
   233  018C                     	;# 
   234  018D                     	;# 
   235                           
   236                           	psect	strings
   237  0003                     __pstrings:
   238  0003                     stringtab:
   239  0003                     __stringtab:
   240  0003                     stringcode:	
   241                           ;	String table - string pointers are 1 byte each
   242                           
   243  0003                     stringdir:
   244  0003  3000               	movlw	high stringdir
   245  0004  008A               	movwf	10
   246  0005  0804               	movf	4,w
   247  0006  0A84               	incf	4,f
   248  0007  0782               	addwf	2,f
   249  0008                     __stringbase:
   250  0008  3400               	retlw	0
   251  0009                     __end_of__stringtab:
   252  0009                     _spi_configuration:
   253  0009  3420               	retlw	32
   254  000A  3400               	retlw	0
   255  000B  3400               	retlw	0
   256  000C                     __end_of_spi_configuration:
   257  0013                     _SSPBUF	set	19
   258  0014                     _SSPCON	set	20
   259  0014                     _SSPCONbits	set	20
   260  0006                     _PORTB	set	6
   261  0007                     _PORTCbits	set	7
   262  0085                     _TRISAbits	set	133
   263  0091                     _SSPCON2	set	145
   264  0094                     _SSPSTAT	set	148
   265  0094                     _SSPSTATbits	set	148
   266  0087                     _TRISCbits	set	135
   267  0086                     _TRISB	set	134
   268  04A0                     _BF	set	1184
   269                           
   270                           	psect	cinit
   271  07FC                     start_initialization:	
   272                           ; #config settings
   273                           
   274  07FC                     __initialization:
   275  07FC                     end_of_initialization:	
   276                           ;End of C runtime variable initialization code
   277                           
   278  07FC                     __end_of__initialization:
   279  07FC  0183               	clrf	3
   280  07FD  120A  118A  2F79   	ljmp	_main	;jump to C main() function
   281                           
   282                           	psect	cstackCOMMON
   283  0070                     __pcstackCOMMON:
   284  0070                     ?_SPI_WriteByte:
   285  0070                     ??_SPI_WriteByte:	
   286                           ; 1 bytes @ 0x0
   287                           
   288  0070                     ?_SPI_ReadByte:	
   289                           ; 1 bytes @ 0x0
   290                           
   291  0070                     ??_SPI_ReadByte:	
   292                           ; 1 bytes @ 0x0
   293                           
   294  0070                     ?_SPI_Initialize:	
   295                           ; 1 bytes @ 0x0
   296                           
   297  0070                     ??_SPI_Initialize:	
   298                           ; 1 bytes @ 0x0
   299                           
   300  0070                     ?_EEPROM25LCXXX_CheckBusy:	
   301                           ; 1 bytes @ 0x0
   302                           
   303  0070                     ?_main:	
   304                           ; 1 bytes @ 0x0
   305                           
   306  0070                     ?_SPI_ExchangeByte:	
   307                           ; 1 bytes @ 0x0
   308                           
   309  0070                     ??_SPI_ExchangeByte:	
   310                           ; 1 bytes @ 0x0
   311                           
   312  0070                     SPI_ExchangeByte@data:	
   313                           ; 1 bytes @ 0x0
   314                           
   315  0070                     SPI_WriteByte@byte:	
   316                           ; 1 bytes @ 0x0
   317                           
   318                           
   319                           ; 1 bytes @ 0x0
   320  0070                     	ds	1
   321  0071                     ?_SPI_ReadBlock:
   322  0071                     ??_EEPROM25LCXXX_CheckBusy:	
   323                           ; 1 bytes @ 0x1
   324                           
   325  0071                     SPI_ReadBlock@blockSize:	
   326                           ; 1 bytes @ 0x1
   327                           
   328                           
   329                           ; 2 bytes @ 0x1
   330  0071                     	ds	1
   331  0072                     EEPROM25LCXXX_CheckBusy@SR:
   332                           
   333                           ; 1 bytes @ 0x2
   334  0072                     	ds	1
   335  0073                     ??_SPI_ReadBlock:
   336  0073                     ?_EEPROM25LCXXX_Write:	
   337                           ; 1 bytes @ 0x3
   338                           
   339  0073                     EEPROM25LCXXX_Write@addr:	
   340                           ; 1 bytes @ 0x3
   341                           
   342                           
   343                           ; 2 bytes @ 0x3
   344  0073                     	ds	1
   345  0074                     SPI_ReadBlock@block:
   346                           
   347                           ; 1 bytes @ 0x4
   348  0074                     	ds	1
   349  0075                     EEPROM25LCXXX_Write@wrdata:
   350  0075                     SPI_ReadBlock@data:	
   351                           ; 1 bytes @ 0x5
   352                           
   353                           
   354                           ; 1 bytes @ 0x5
   355  0075                     	ds	1
   356  0076                     ??_EEPROM25LCXXX_Write:
   357  0076                     ?_EEPROM25LCXXX_ReadMulti:	
   358                           ; 1 bytes @ 0x6
   359                           
   360  0076                     EEPROM25LCXXX_ReadMulti@addr:	
   361                           ; 1 bytes @ 0x6
   362                           
   363                           
   364                           ; 2 bytes @ 0x6
   365  0076                     	ds	2
   366  0078                     EEPROM25LCXXX_ReadMulti@buff:
   367                           
   368                           ; 1 bytes @ 0x8
   369  0078                     	ds	1
   370  0079                     EEPROM25LCXXX_ReadMulti@len:
   371                           
   372                           ; 2 bytes @ 0x9
   373  0079                     	ds	2
   374  007B                     ??_EEPROM25LCXXX_ReadMulti:
   375  007B                     ??_main:	
   376                           ; 1 bytes @ 0xB
   377                           
   378                           
   379                           ; 1 bytes @ 0xB
   380  007B                     	ds	3
   381                           
   382                           	psect	cstackBANK0
   383  0020                     __pcstackBANK0:
   384  0020                     main@array:
   385                           
   386                           ; 10 bytes @ 0x0
   387  0020                     	ds	10
   388  002A                     main@i:
   389                           
   390                           ; 1 bytes @ 0xA
   391  002A                     	ds	1
   392                           
   393                           	psect	maintext
   394  0779                     __pmaintext:	
   395 ;;
   396 ;;Main: autosize = 0, tempsize = 3, incstack = 0, save=0
   397 ;;
   398 ;; *************** function _main *****************
   399 ;; Defined at:
   400 ;;		line 140 in file "main.c"
   401 ;; Parameters:    Size  Location     Type
   402 ;;		None
   403 ;; Auto vars:     Size  Location     Type
   404 ;;  array          10    0[BANK0 ] unsigned char [10]
   405 ;;  i               1   10[BANK0 ] unsigned char 
   406 ;; Return value:  Size  Location     Type
   407 ;;                  1    wreg      void 
   408 ;; Registers used:
   409 ;;		wreg, fsr0l, fsr0h, status,2, status,0, pclath, cstack
   410 ;; Tracked objects:
   411 ;;		On entry : B00/0
   412 ;;		On exit  : 0/0
   413 ;;		Unchanged: 0/0
   414 ;; Data sizes:     COMMON   BANK0   BANK1   BANK3   BANK2
   415 ;;      Params:         0       0       0       0       0
   416 ;;      Locals:         0      11       0       0       0
   417 ;;      Temps:          3       0       0       0       0
   418 ;;      Totals:         3      11       0       0       0
   419 ;;Total ram usage:       14 bytes
   420 ;; Hardware stack levels required when called: 3
   421 ;; This function calls:
   422 ;;		_EEPROM25LCXXX_ReadMulti
   423 ;;		_EEPROM25LCXXX_Write
   424 ;;		_SPI_Initialize
   425 ;; This function is called by:
   426 ;;		Startup code after reset
   427 ;; This function uses a non-reentrant model
   428 ;;
   429                           
   430                           
   431                           ;psect for function _main
   432  0779                     _main:
   433  0779                     l909:	
   434                           ;incstack = 0
   435                           ; Regs used in _main: [wreg-fsr0h+status,2+status,0+pclath+cstack]
   436                           
   437                           
   438                           ;main.c: 142:     unsigned char i, array[10];;main.c: 143:     TRISB = 0;
   439  0779  1683               	bsf	3,5	;RP0=1, select bank1
   440  077A  1303               	bcf	3,6	;RP1=0, select bank1
   441  077B  0186               	clrf	6	;volatile
   442                           
   443                           ;main.c: 144:     PORTB = 0;
   444  077C  1283               	bcf	3,5	;RP0=0, select bank0
   445  077D  1303               	bcf	3,6	;RP1=0, select bank0
   446  077E  0186               	clrf	6	;volatile
   447  077F                     l911:
   448                           
   449                           ;main.c: 145:     TRISCbits.TRISC6 = 0;
   450  077F  1683               	bsf	3,5	;RP0=1, select bank1
   451  0780  1303               	bcf	3,6	;RP1=0, select bank1
   452  0781  1307               	bcf	7,6	;volatile
   453  0782                     l913:
   454                           
   455                           ;main.c: 147:     SPI_Initialize();
   456  0782  120A  118A  26B7  120A  118A  	fcall	_SPI_Initialize
   457  0787                     l915:
   458                           
   459                           ;main.c: 149:     for(i=0;i<100;i++)
   460  0787  1283               	bcf	3,5	;RP0=0, select bank0
   461  0788  1303               	bcf	3,6	;RP1=0, select bank0
   462  0789  01AA               	clrf	main@i
   463  078A                     l921:
   464                           
   465                           ;main.c: 150:     {;main.c: 151:         EEPROM25LCXXX_Write(i,i);
   466  078A  082A               	movf	main@i,w
   467  078B  00FB               	movwf	??_main
   468  078C  01FC               	clrf	??_main+1
   469  078D  087B               	movf	??_main,w
   470  078E  00F3               	movwf	EEPROM25LCXXX_Write@addr
   471  078F  087C               	movf	??_main+1,w
   472  0790  00F4               	movwf	EEPROM25LCXXX_Write@addr+1
   473  0791  082A               	movf	main@i,w
   474  0792  00FD               	movwf	??_main+2
   475  0793  087D               	movf	??_main+2,w
   476  0794  00F5               	movwf	EEPROM25LCXXX_Write@wrdata
   477  0795  120A  118A  2746  120A  118A  	fcall	_EEPROM25LCXXX_Write
   478  079A                     l923:
   479                           
   480                           ;main.c: 152:     }
   481  079A  3001               	movlw	1
   482  079B  00FB               	movwf	??_main
   483  079C  087B               	movf	??_main,w
   484  079D  1283               	bcf	3,5	;RP0=0, select bank0
   485  079E  1303               	bcf	3,6	;RP1=0, select bank0
   486  079F  07AA               	addwf	main@i,f
   487  07A0                     l925:
   488  07A0  3064               	movlw	100
   489  07A1  022A               	subwf	main@i,w
   490  07A2  1C03               	skipc
   491  07A3  2FA5               	goto	u221
   492  07A4  2FA6               	goto	u220
   493  07A5                     u221:
   494  07A5  2F8A               	goto	l921
   495  07A6                     u220:
   496  07A6                     l927:
   497                           
   498                           ;main.c: 154:     EEPROM25LCXXX_ReadMulti(0,array,10);
   499  07A6  3000               	movlw	0
   500  07A7  00F6               	movwf	EEPROM25LCXXX_ReadMulti@addr
   501  07A8  00F7               	movwf	EEPROM25LCXXX_ReadMulti@addr+1
   502  07A9  3020               	movlw	(low (main@array| 0))& (0+255)
   503  07AA  00FB               	movwf	??_main
   504  07AB  087B               	movf	??_main,w
   505  07AC  00F8               	movwf	EEPROM25LCXXX_ReadMulti@buff
   506  07AD  300A               	movlw	10
   507  07AE  00F9               	movwf	EEPROM25LCXXX_ReadMulti@len
   508  07AF  3000               	movlw	0
   509  07B0  00FA               	movwf	EEPROM25LCXXX_ReadMulti@len+1
   510  07B1  120A  118A  2719  120A  118A  	fcall	_EEPROM25LCXXX_ReadMulti
   511  07B6                     l929:
   512                           
   513                           ;main.c: 156:     for(i=0;i<10;i++)
   514  07B6  1283               	bcf	3,5	;RP0=0, select bank0
   515  07B7  1303               	bcf	3,6	;RP1=0, select bank0
   516  07B8  01AA               	clrf	main@i
   517  07B9                     l935:
   518                           
   519                           ;main.c: 157:     {;main.c: 158:         PORTB = array[i];
   520  07B9  082A               	movf	main@i,w
   521  07BA  3E20               	addlw	(low (main@array| 0))& (0+255)
   522  07BB  0084               	movwf	4
   523  07BC  1383               	bcf	3,7	;select IRP bank0
   524  07BD  0800               	movf	0,w
   525  07BE  0086               	movwf	6	;volatile
   526  07BF                     l937:
   527                           
   528                           ;main.c: 159:         _delay((unsigned long)((500)*(20000000/4000.0)));
   529  07BF  300D               	movlw	13
   530  07C0  00FD               	movwf	??_main+2
   531  07C1  30AF               	movlw	175
   532  07C2  00FC               	movwf	??_main+1
   533  07C3  30B6               	movlw	182
   534  07C4  00FB               	movwf	??_main
   535  07C5                     u267:
   536  07C5  0BFB               	decfsz	??_main,f
   537  07C6  2FC5               	goto	u267
   538  07C7  0BFC               	decfsz	??_main+1,f
   539  07C8  2FC5               	goto	u267
   540  07C9  0BFD               	decfsz	??_main+2,f
   541  07CA  2FC5               	goto	u267
   542  07CB  0000               	nop
   543  07CC                     l939:
   544                           
   545                           ;main.c: 160:     }
   546  07CC  3001               	movlw	1
   547  07CD  00FB               	movwf	??_main
   548  07CE  087B               	movf	??_main,w
   549  07CF  1283               	bcf	3,5	;RP0=0, select bank0
   550  07D0  1303               	bcf	3,6	;RP1=0, select bank0
   551  07D1  07AA               	addwf	main@i,f
   552  07D2                     l941:
   553  07D2  300A               	movlw	10
   554  07D3  022A               	subwf	main@i,w
   555  07D4  1C03               	skipc
   556  07D5  2FD7               	goto	u231
   557  07D6  2FD8               	goto	u230
   558  07D7                     u231:
   559  07D7  2FB9               	goto	l935
   560  07D8                     u230:
   561  07D8                     l943:
   562                           
   563                           ;main.c: 163:     {;main.c: 164:         for(i=0;i<10;i++)
   564  07D8  01AA               	clrf	main@i
   565  07D9                     l949:
   566                           
   567                           ;main.c: 165:         {;main.c: 166:             PORTB = array[i];
   568  07D9  082A               	movf	main@i,w
   569  07DA  3E20               	addlw	(low (main@array| 0))& (0+255)
   570  07DB  0084               	movwf	4
   571  07DC  1383               	bcf	3,7	;select IRP bank0
   572  07DD  0800               	movf	0,w
   573  07DE  0086               	movwf	6	;volatile
   574  07DF                     l951:
   575                           
   576                           ;main.c: 167:             _delay((unsigned long)((500)*(20000000/4000.0)));
   577  07DF  300D               	movlw	13
   578  07E0  00FD               	movwf	??_main+2
   579  07E1  30AF               	movlw	175
   580  07E2  00FC               	movwf	??_main+1
   581  07E3  30B6               	movlw	182
   582  07E4  00FB               	movwf	??_main
   583  07E5                     u277:
   584  07E5  0BFB               	decfsz	??_main,f
   585  07E6  2FE5               	goto	u277
   586  07E7  0BFC               	decfsz	??_main+1,f
   587  07E8  2FE5               	goto	u277
   588  07E9  0BFD               	decfsz	??_main+2,f
   589  07EA  2FE5               	goto	u277
   590  07EB  0000               	nop
   591  07EC                     l953:
   592                           
   593                           ;main.c: 168:         }
   594  07EC  3001               	movlw	1
   595  07ED  00FB               	movwf	??_main
   596  07EE  087B               	movf	??_main,w
   597  07EF  1283               	bcf	3,5	;RP0=0, select bank0
   598  07F0  1303               	bcf	3,6	;RP1=0, select bank0
   599  07F1  07AA               	addwf	main@i,f
   600  07F2                     l955:
   601  07F2  300A               	movlw	10
   602  07F3  022A               	subwf	main@i,w
   603  07F4  1C03               	skipc
   604  07F5  2FF7               	goto	u241
   605  07F6  2FF8               	goto	u240
   606  07F7                     u241:
   607  07F7  2FD9               	goto	l949
   608  07F8                     u240:
   609  07F8  2FD8               	goto	l943
   610  07F9  120A  118A  2800   	ljmp	start
   611  07FC                     __end_of_main:
   612                           
   613                           	psect	text1
   614  06B7                     __ptext1:	
   615 ;; *************** function _SPI_Initialize *****************
   616 ;; Defined at:
   617 ;;		line 20 in file "spi.c"
   618 ;; Parameters:    Size  Location     Type
   619 ;;		None
   620 ;; Auto vars:     Size  Location     Type
   621 ;;		None
   622 ;; Return value:  Size  Location     Type
   623 ;;                  1    wreg      void 
   624 ;; Registers used:
   625 ;;		None
   626 ;; Tracked objects:
   627 ;;		On entry : 0/0
   628 ;;		On exit  : 0/0
   629 ;;		Unchanged: 0/0
   630 ;; Data sizes:     COMMON   BANK0   BANK1   BANK3   BANK2
   631 ;;      Params:         0       0       0       0       0
   632 ;;      Locals:         0       0       0       0       0
   633 ;;      Temps:          0       0       0       0       0
   634 ;;      Totals:         0       0       0       0       0
   635 ;;Total ram usage:        0 bytes
   636 ;; Hardware stack levels used: 1
   637 ;; This function calls:
   638 ;;		Nothing
   639 ;; This function is called by:
   640 ;;		_main
   641 ;; This function uses a non-reentrant model
   642 ;;
   643                           
   644                           
   645                           ;psect for function _SPI_Initialize
   646  06B7                     _SPI_Initialize:
   647  06B7                     l907:	
   648                           ;incstack = 0
   649                           ; Regs used in _SPI_Initialize: []
   650                           
   651                           
   652                           ;spi.c: 22:     TRISCbits.TRISC3 = 0;
   653  06B7  1683               	bsf	3,5	;RP0=1, select bank1
   654  06B8  1303               	bcf	3,6	;RP1=0, select bank1
   655  06B9  1187               	bcf	7,3	;volatile
   656                           
   657                           ;spi.c: 23:     TRISCbits.TRISC4 = 1;
   658  06BA  1607               	bsf	7,4	;volatile
   659                           
   660                           ;spi.c: 24:     TRISCbits.TRISC5 = 0;
   661  06BB  1287               	bcf	7,5	;volatile
   662                           
   663                           ;spi.c: 26:     SSPSTATbits.SMP = 0;
   664  06BC  1394               	bcf	20,7	;volatile
   665                           
   666                           ;spi.c: 27:     SSPSTATbits.CKE = 0;
   667  06BD  1314               	bcf	20,6	;volatile
   668                           
   669                           ;spi.c: 29:     SSPCONbits.WCOL = 0;
   670  06BE  1283               	bcf	3,5	;RP0=0, select bank0
   671  06BF  1303               	bcf	3,6	;RP1=0, select bank0
   672  06C0  1394               	bcf	20,7	;volatile
   673                           
   674                           ;spi.c: 30:     SSPCONbits.SSPOV = 0;
   675  06C1  1314               	bcf	20,6	;volatile
   676                           
   677                           ;spi.c: 31:     SSPCONbits.SSPEN = 1;
   678  06C2  1694               	bsf	20,5	;volatile
   679                           
   680                           ;spi.c: 32:     SSPCONbits.CKP = 0;
   681  06C3  1214               	bcf	20,4	;volatile
   682                           
   683                           ;spi.c: 33:     SSPCONbits.SSPM3 = 0;
   684  06C4  1194               	bcf	20,3	;volatile
   685                           
   686                           ;spi.c: 34:     SSPCONbits.SSPM2 = 0;
   687  06C5  1114               	bcf	20,2	;volatile
   688                           
   689                           ;spi.c: 35:     SSPCONbits.SSPM1 = 1;
   690  06C6  1494               	bsf	20,1	;volatile
   691                           
   692                           ;spi.c: 36:     SSPCONbits.SSPM0 = 0;
   693  06C7  1014               	bcf	20,0	;volatile
   694  06C8                     l70:
   695  06C8  0008               	return
   696  06C9                     __end_of_SPI_Initialize:
   697                           
   698                           	psect	text2
   699  0746                     __ptext2:	
   700 ;; *************** function _EEPROM25LCXXX_Write *****************
   701 ;; Defined at:
   702 ;;		line 114 in file "main.c"
   703 ;; Parameters:    Size  Location     Type
   704 ;;  addr            2    3[COMMON] unsigned int 
   705 ;;  wrdata          1    5[COMMON] unsigned char 
   706 ;; Auto vars:     Size  Location     Type
   707 ;;		None
   708 ;; Return value:  Size  Location     Type
   709 ;;                  1    wreg      void 
   710 ;; Registers used:
   711 ;;		wreg, status,2, status,0, pclath, cstack
   712 ;; Tracked objects:
   713 ;;		On entry : 0/0
   714 ;;		On exit  : 0/0
   715 ;;		Unchanged: 0/0
   716 ;; Data sizes:     COMMON   BANK0   BANK1   BANK3   BANK2
   717 ;;      Params:         3       0       0       0       0
   718 ;;      Locals:         0       0       0       0       0
   719 ;;      Temps:          0       0       0       0       0
   720 ;;      Totals:         3       0       0       0       0
   721 ;;Total ram usage:        3 bytes
   722 ;; Hardware stack levels used: 1
   723 ;; Hardware stack levels required when called: 2
   724 ;; This function calls:
   725 ;;		_EEPROM25LCXXX_CheckBusy
   726 ;;		_SPI_WriteByte
   727 ;; This function is called by:
   728 ;;		_main
   729 ;; This function uses a non-reentrant model
   730 ;;
   731                           
   732                           
   733                           ;psect for function _EEPROM25LCXXX_Write
   734  0746                     _EEPROM25LCXXX_Write:
   735  0746                     l885:	
   736                           ;incstack = 0
   737                           ; Regs used in _EEPROM25LCXXX_Write: [wreg+status,2+status,0+pclath+cstack]
   738                           
   739  0746                     l887:	
   740                           ;main.c: 114: void EEPROM25LCXXX_Write(unsigned int addr, unsigned char wrdata);main.c: 
      +                          115: {;main.c: 116:     while(EEPROM25LCXXX_CheckBusy());
   741                           
   742  0746  120A  118A  26DD  120A  118A  	fcall	_EEPROM25LCXXX_CheckBusy
   743  074B  3A00               	xorlw	0
   744  074C  1D03               	skipz
   745  074D  2F4F               	goto	u201
   746  074E  2F50               	goto	u200
   747  074F                     u201:
   748  074F  2F46               	goto	l887
   749  0750                     u200:
   750  0750                     l26:
   751                           
   752                           ;main.c: 117:     PORTCbits.RC6 = 0;
   753  0750  1283               	bcf	3,5	;RP0=0, select bank0
   754  0751  1303               	bcf	3,6	;RP1=0, select bank0
   755  0752  1307               	bcf	7,6	;volatile
   756  0753                     l889:
   757                           
   758                           ;main.c: 118:     SPI_WriteByte(0x06);
   759  0753  3006               	movlw	6
   760  0754  120A  118A  26C9  120A  118A  	fcall	_SPI_WriteByte
   761  0759                     l891:
   762                           
   763                           ;main.c: 119:     PORTCbits.RC6 = 1;
   764  0759  1283               	bcf	3,5	;RP0=0, select bank0
   765  075A  1303               	bcf	3,6	;RP1=0, select bank0
   766  075B  1707               	bsf	7,6	;volatile
   767  075C                     l893:
   768                           
   769                           ;main.c: 121:     PORTCbits.RC6 = 0;
   770  075C  1307               	bcf	7,6	;volatile
   771                           
   772                           ;main.c: 122:     SPI_WriteByte(0x02);
   773  075D  3002               	movlw	2
   774  075E  120A  118A  26C9  120A  118A  	fcall	_SPI_WriteByte
   775                           
   776                           ;main.c: 123:     SPI_WriteByte(addr>>8);
   777  0763  0874               	movf	EEPROM25LCXXX_Write@addr+1,w
   778  0764  120A  118A  26C9  120A  118A  	fcall	_SPI_WriteByte
   779                           
   780                           ;main.c: 124:     SPI_WriteByte(addr&0x00FF);
   781  0769  0873               	movf	EEPROM25LCXXX_Write@addr,w
   782  076A  120A  118A  26C9  120A  118A  	fcall	_SPI_WriteByte
   783                           
   784                           ;main.c: 125:     SPI_WriteByte(wrdata);
   785  076F  0875               	movf	EEPROM25LCXXX_Write@wrdata,w
   786  0770  120A  118A  26C9  120A  118A  	fcall	_SPI_WriteByte
   787  0775                     l895:
   788                           
   789                           ;main.c: 126:     PORTCbits.RC6 = 1;
   790  0775  1283               	bcf	3,5	;RP0=0, select bank0
   791  0776  1303               	bcf	3,6	;RP1=0, select bank0
   792  0777  1707               	bsf	7,6	;volatile
   793  0778                     l27:
   794  0778  0008               	return
   795  0779                     __end_of_EEPROM25LCXXX_Write:
   796                           
   797                           	psect	text3
   798  0719                     __ptext3:	
   799 ;; *************** function _EEPROM25LCXXX_ReadMulti *****************
   800 ;; Defined at:
   801 ;;		line 129 in file "main.c"
   802 ;; Parameters:    Size  Location     Type
   803 ;;  addr            2    6[COMMON] unsigned int 
   804 ;;  buff            1    8[COMMON] PTR unsigned char 
   805 ;;		 -> main@array(10), 
   806 ;;  len             2    9[COMMON] unsigned int 
   807 ;; Auto vars:     Size  Location     Type
   808 ;;		None
   809 ;; Return value:  Size  Location     Type
   810 ;;                  1    wreg      void 
   811 ;; Registers used:
   812 ;;		wreg, fsr0l, fsr0h, status,2, status,0, pclath, cstack
   813 ;; Tracked objects:
   814 ;;		On entry : 0/0
   815 ;;		On exit  : 0/0
   816 ;;		Unchanged: 0/0
   817 ;; Data sizes:     COMMON   BANK0   BANK1   BANK3   BANK2
   818 ;;      Params:         5       0       0       0       0
   819 ;;      Locals:         0       0       0       0       0
   820 ;;      Temps:          0       0       0       0       0
   821 ;;      Totals:         5       0       0       0       0
   822 ;;Total ram usage:        5 bytes
   823 ;; Hardware stack levels used: 1
   824 ;; Hardware stack levels required when called: 2
   825 ;; This function calls:
   826 ;;		_EEPROM25LCXXX_CheckBusy
   827 ;;		_SPI_ReadBlock
   828 ;;		_SPI_WriteByte
   829 ;; This function is called by:
   830 ;;		_main
   831 ;; This function uses a non-reentrant model
   832 ;;
   833                           
   834                           
   835                           ;psect for function _EEPROM25LCXXX_ReadMulti
   836  0719                     _EEPROM25LCXXX_ReadMulti:
   837  0719                     l897:	
   838                           ;incstack = 0
   839                           ; Regs used in _EEPROM25LCXXX_ReadMulti: [wreg-fsr0h+status,2+status,0+pclath+cstack]
   840                           
   841  0719                     l899:	
   842                           ;main.c: 129: void EEPROM25LCXXX_ReadMulti(unsigned int addr, unsigned char* buff, unsig
      +                          ned int len);main.c: 130: {;main.c: 131:     while(EEPROM25LCXXX_CheckBusy());
   843                           
   844  0719  120A  118A  26DD  120A  118A  	fcall	_EEPROM25LCXXX_CheckBusy
   845  071E  3A00               	xorlw	0
   846  071F  1D03               	skipz
   847  0720  2F22               	goto	u211
   848  0721  2F23               	goto	u210
   849  0722                     u211:
   850  0722  2F19               	goto	l899
   851  0723                     u210:
   852  0723                     l32:
   853                           
   854                           ;main.c: 132:     PORTCbits.RC6 = 0;
   855  0723  1283               	bcf	3,5	;RP0=0, select bank0
   856  0724  1303               	bcf	3,6	;RP1=0, select bank0
   857  0725  1307               	bcf	7,6	;volatile
   858  0726                     l901:
   859                           
   860                           ;main.c: 133:     SPI_WriteByte(0x03);
   861  0726  3003               	movlw	3
   862  0727  120A  118A  26C9  120A  118A  	fcall	_SPI_WriteByte
   863                           
   864                           ;main.c: 134:     SPI_WriteByte(addr>>8);
   865  072C  0877               	movf	EEPROM25LCXXX_ReadMulti@addr+1,w
   866  072D  120A  118A  26C9  120A  118A  	fcall	_SPI_WriteByte
   867                           
   868                           ;main.c: 135:     SPI_WriteByte(addr&0x00FF);
   869  0732  0876               	movf	EEPROM25LCXXX_ReadMulti@addr,w
   870  0733  120A  118A  26C9  120A  118A  	fcall	_SPI_WriteByte
   871  0738                     l903:
   872                           
   873                           ;main.c: 136:     SPI_ReadBlock(buff, len);
   874  0738  087A               	movf	EEPROM25LCXXX_ReadMulti@len+1,w
   875  0739  00F2               	movwf	SPI_ReadBlock@blockSize+1
   876  073A  0879               	movf	EEPROM25LCXXX_ReadMulti@len,w
   877  073B  00F1               	movwf	SPI_ReadBlock@blockSize
   878  073C  0878               	movf	EEPROM25LCXXX_ReadMulti@buff,w
   879  073D  120A  118A  26F4  120A  118A  	fcall	_SPI_ReadBlock
   880  0742                     l905:
   881                           
   882                           ;main.c: 137:     PORTCbits.RC6 = 1;
   883  0742  1283               	bcf	3,5	;RP0=0, select bank0
   884  0743  1303               	bcf	3,6	;RP1=0, select bank0
   885  0744  1707               	bsf	7,6	;volatile
   886  0745                     l33:
   887  0745  0008               	return
   888  0746                     __end_of_EEPROM25LCXXX_ReadMulti:
   889                           
   890                           	psect	text4
   891  06F4                     __ptext4:	
   892 ;; *************** function _SPI_ReadBlock *****************
   893 ;; Defined at:
   894 ;;		line 85 in file "spi.c"
   895 ;; Parameters:    Size  Location     Type
   896 ;;  block           1    wreg     PTR void 
   897 ;;		 -> main@array(10), 
   898 ;;  blockSize       2    1[COMMON] unsigned int 
   899 ;; Auto vars:     Size  Location     Type
   900 ;;  block           1    4[COMMON] PTR void 
   901 ;;		 -> main@array(10), 
   902 ;;  data            1    5[COMMON] PTR unsigned char 
   903 ;;		 -> main@array(10), 
   904 ;; Return value:  Size  Location     Type
   905 ;;                  1    wreg      void 
   906 ;; Registers used:
   907 ;;		wreg, fsr0l, fsr0h, status,2, status,0, pclath, cstack
   908 ;; Tracked objects:
   909 ;;		On entry : 0/0
   910 ;;		On exit  : 0/0
   911 ;;		Unchanged: 0/0
   912 ;; Data sizes:     COMMON   BANK0   BANK1   BANK3   BANK2
   913 ;;      Params:         2       0       0       0       0
   914 ;;      Locals:         2       0       0       0       0
   915 ;;      Temps:          1       0       0       0       0
   916 ;;      Totals:         5       0       0       0       0
   917 ;;Total ram usage:        5 bytes
   918 ;; Hardware stack levels used: 1
   919 ;; Hardware stack levels required when called: 1
   920 ;; This function calls:
   921 ;;		_SPI_ExchangeByte
   922 ;; This function is called by:
   923 ;;		_EEPROM25LCXXX_ReadMulti
   924 ;; This function uses a non-reentrant model
   925 ;;
   926                           
   927                           
   928                           ;psect for function _SPI_ReadBlock
   929  06F4                     _SPI_ReadBlock:
   930                           
   931                           ;incstack = 0
   932                           ; Regs used in _SPI_ReadBlock: [wreg-fsr0h+status,2+status,0+pclath+cstack]
   933                           ;SPI_ReadBlock@block stored from wreg
   934  06F4  00F4               	movwf	SPI_ReadBlock@block
   935  06F5                     l877:
   936                           
   937                           ;spi.c: 85: void SPI_ReadBlock(void *block, size_t blockSize);spi.c: 86: {;spi.c: 87:   
      +                            uint8_t *data = block;
   938  06F5  0874               	movf	SPI_ReadBlock@block,w
   939  06F6  00F3               	movwf	??_SPI_ReadBlock
   940  06F7  0873               	movf	??_SPI_ReadBlock,w
   941  06F8  00F5               	movwf	SPI_ReadBlock@data
   942                           
   943                           ;spi.c: 88:     while(blockSize--)
   944  06F9  2F0A               	goto	l883
   945  06FA                     l879:
   946                           
   947                           ;spi.c: 89:     {;spi.c: 90:         *data++ = SPI_ExchangeByte(0);
   948  06FA  3000               	movlw	0
   949  06FB  120A  118A  26A8  120A  118A  	fcall	_SPI_ExchangeByte
   950  0700  00F3               	movwf	??_SPI_ReadBlock
   951  0701  0875               	movf	SPI_ReadBlock@data,w
   952  0702  0084               	movwf	4
   953  0703  0873               	movf	??_SPI_ReadBlock,w
   954  0704  1383               	bcf	3,7	;select IRP bank0
   955  0705  0080               	movwf	0
   956  0706                     l881:
   957  0706  3001               	movlw	1
   958  0707  00F3               	movwf	??_SPI_ReadBlock
   959  0708  0873               	movf	??_SPI_ReadBlock,w
   960  0709  07F5               	addwf	SPI_ReadBlock@data,f
   961  070A                     l883:
   962                           
   963                           ;spi.c: 88:     while(blockSize--)
   964  070A  3001               	movlw	1
   965  070B  02F1               	subwf	SPI_ReadBlock@blockSize,f
   966  070C  3000               	movlw	0
   967  070D  1C03               	skipc
   968  070E  03F2               	decf	SPI_ReadBlock@blockSize+1,f
   969  070F  02F2               	subwf	SPI_ReadBlock@blockSize+1,f
   970  0710  0A71               	incf	SPI_ReadBlock@blockSize,w
   971  0711  1D03               	skipz
   972  0712  2F17               	goto	u191
   973  0713  0A72               	incf	SPI_ReadBlock@blockSize+1,w
   974  0714  1D03               	btfss	3,2
   975  0715  2F17               	goto	u191
   976  0716  2F18               	goto	u190
   977  0717                     u191:
   978  0717  2EFA               	goto	l879
   979  0718                     u190:
   980  0718                     l104:
   981  0718  0008               	return
   982  0719                     __end_of_SPI_ReadBlock:
   983                           
   984                           	psect	text5
   985  06A8                     __ptext5:	
   986 ;; *************** function _SPI_ExchangeByte *****************
   987 ;; Defined at:
   988 ;;		line 58 in file "spi.c"
   989 ;; Parameters:    Size  Location     Type
   990 ;;  data            1    wreg     unsigned char 
   991 ;; Auto vars:     Size  Location     Type
   992 ;;  data            1    0[COMMON] unsigned char 
   993 ;; Return value:  Size  Location     Type
   994 ;;                  1    wreg      unsigned char 
   995 ;; Registers used:
   996 ;;		wreg
   997 ;; Tracked objects:
   998 ;;		On entry : 0/0
   999 ;;		On exit  : 0/0
  1000 ;;		Unchanged: 0/0
  1001 ;; Data sizes:     COMMON   BANK0   BANK1   BANK3   BANK2
  1002 ;;      Params:         0       0       0       0       0
  1003 ;;      Locals:         1       0       0       0       0
  1004 ;;      Temps:          0       0       0       0       0
  1005 ;;      Totals:         1       0       0       0       0
  1006 ;;Total ram usage:        1 bytes
  1007 ;; Hardware stack levels used: 1
  1008 ;; This function calls:
  1009 ;;		Nothing
  1010 ;; This function is called by:
  1011 ;;		_SPI_ReadBlock
  1012 ;;		_SPI_WriteBlock
  1013 ;; This function uses a non-reentrant model
  1014 ;;
  1015                           
  1016                           
  1017                           ;psect for function _SPI_ExchangeByte
  1018  06A8                     _SPI_ExchangeByte:
  1019                           
  1020                           ;incstack = 0
  1021                           ; Regs used in _SPI_ExchangeByte: [wreg]
  1022                           ;SPI_ExchangeByte@data stored from wreg
  1023  06A8  00F0               	movwf	SPI_ExchangeByte@data
  1024  06A9                     l859:
  1025                           
  1026                           ;spi.c: 58: uint8_t SPI_ExchangeByte(uint8_t data);spi.c: 59: {;spi.c: 60:     SSPBUF = 
      +                          data;
  1027  06A9  0870               	movf	SPI_ExchangeByte@data,w
  1028  06AA  1283               	bcf	3,5	;RP0=0, select bank0
  1029  06AB  1303               	bcf	3,6	;RP1=0, select bank0
  1030  06AC  0093               	movwf	19	;volatile
  1031  06AD                     l80:	
  1032                           ;spi.c: 61:     while(BF == 0);
  1033                           
  1034  06AD  1683               	bsf	3,5	;RP0=1, select bank1
  1035  06AE  1303               	bcf	3,6	;RP1=0, select bank1
  1036  06AF  1C14               	btfss	20,0	;volatile
  1037  06B0  2EB2               	goto	u181
  1038  06B1  2EB3               	goto	u180
  1039  06B2                     u181:
  1040  06B2  2EAD               	goto	l80
  1041  06B3                     u180:
  1042  06B3                     l861:
  1043                           
  1044                           ;spi.c: 62:     return SSPBUF;
  1045  06B3  1283               	bcf	3,5	;RP0=0, select bank0
  1046  06B4  1303               	bcf	3,6	;RP1=0, select bank0
  1047  06B5  0813               	movf	19,w	;volatile
  1048  06B6                     l83:
  1049  06B6  0008               	return
  1050  06B7                     __end_of_SPI_ExchangeByte:
  1051                           
  1052                           	psect	text6
  1053  06DD                     __ptext6:	
  1054 ;; *************** function _EEPROM25LCXXX_CheckBusy *****************
  1055 ;; Defined at:
  1056 ;;		line 104 in file "main.c"
  1057 ;; Parameters:    Size  Location     Type
  1058 ;;		None
  1059 ;; Auto vars:     Size  Location     Type
  1060 ;;  SR              1    2[COMMON] unsigned char 
  1061 ;; Return value:  Size  Location     Type
  1062 ;;                  1    wreg      unsigned char 
  1063 ;; Registers used:
  1064 ;;		wreg, status,2, status,0, pclath, cstack
  1065 ;; Tracked objects:
  1066 ;;		On entry : 0/0
  1067 ;;		On exit  : 0/0
  1068 ;;		Unchanged: 0/0
  1069 ;; Data sizes:     COMMON   BANK0   BANK1   BANK3   BANK2
  1070 ;;      Params:         0       0       0       0       0
  1071 ;;      Locals:         1       0       0       0       0
  1072 ;;      Temps:          1       0       0       0       0
  1073 ;;      Totals:         2       0       0       0       0
  1074 ;;Total ram usage:        2 bytes
  1075 ;; Hardware stack levels used: 1
  1076 ;; Hardware stack levels required when called: 1
  1077 ;; This function calls:
  1078 ;;		_SPI_ReadByte
  1079 ;;		_SPI_WriteByte
  1080 ;; This function is called by:
  1081 ;;		_EEPROM25LCXXX_Write
  1082 ;;		_EEPROM25LCXXX_ReadMulti
  1083 ;; This function uses a non-reentrant model
  1084 ;;
  1085                           
  1086                           
  1087                           ;psect for function _EEPROM25LCXXX_CheckBusy
  1088  06DD                     _EEPROM25LCXXX_CheckBusy:
  1089  06DD                     l865:	
  1090                           ;incstack = 0
  1091                           ; Regs used in _EEPROM25LCXXX_CheckBusy: [wreg+status,2+status,0+pclath+cstack]
  1092                           
  1093                           
  1094                           ;main.c: 106:     unsigned char SR;;main.c: 107:     PORTCbits.RC6 = 0;
  1095  06DD  1283               	bcf	3,5	;RP0=0, select bank0
  1096  06DE  1303               	bcf	3,6	;RP1=0, select bank0
  1097  06DF  1307               	bcf	7,6	;volatile
  1098  06E0                     l867:
  1099                           
  1100                           ;main.c: 108:     SPI_WriteByte(0x05);
  1101  06E0  3005               	movlw	5
  1102  06E1  120A  118A  26C9  120A  118A  	fcall	_SPI_WriteByte
  1103  06E6                     l869:
  1104                           
  1105                           ;main.c: 109:     SR = SPI_ReadByte();
  1106  06E6  120A  118A  269B  120A  118A  	fcall	_SPI_ReadByte
  1107  06EB  00F1               	movwf	??_EEPROM25LCXXX_CheckBusy
  1108  06EC  0871               	movf	??_EEPROM25LCXXX_CheckBusy,w
  1109  06ED  00F2               	movwf	EEPROM25LCXXX_CheckBusy@SR
  1110  06EE                     l871:
  1111                           
  1112                           ;main.c: 110:     PORTCbits.RC6 = 1;
  1113  06EE  1283               	bcf	3,5	;RP0=0, select bank0
  1114  06EF  1303               	bcf	3,6	;RP1=0, select bank0
  1115  06F0  1707               	bsf	7,6	;volatile
  1116  06F1                     l873:
  1117                           
  1118                           ;main.c: 111:     return SR&0x01;
  1119  06F1  0872               	movf	EEPROM25LCXXX_CheckBusy@SR,w
  1120  06F2  3901               	andlw	1
  1121  06F3                     l21:
  1122  06F3  0008               	return
  1123  06F4                     __end_of_EEPROM25LCXXX_CheckBusy:
  1124                           
  1125                           	psect	text7
  1126  06C9                     __ptext7:	
  1127 ;; *************** function _SPI_WriteByte *****************
  1128 ;; Defined at:
  1129 ;;		line 94 in file "spi.c"
  1130 ;; Parameters:    Size  Location     Type
  1131 ;;  byte            1    wreg     unsigned char 
  1132 ;; Auto vars:     Size  Location     Type
  1133 ;;  byte            1    0[COMMON] unsigned char 
  1134 ;;  xoaBF           1    0        unsigned char 
  1135 ;; Return value:  Size  Location     Type
  1136 ;;                  1    wreg      void 
  1137 ;; Registers used:
  1138 ;;		wreg
  1139 ;; Tracked objects:
  1140 ;;		On entry : 0/0
  1141 ;;		On exit  : 0/0
  1142 ;;		Unchanged: 0/0
  1143 ;; Data sizes:     COMMON   BANK0   BANK1   BANK3   BANK2
  1144 ;;      Params:         0       0       0       0       0
  1145 ;;      Locals:         1       0       0       0       0
  1146 ;;      Temps:          0       0       0       0       0
  1147 ;;      Totals:         1       0       0       0       0
  1148 ;;Total ram usage:        1 bytes
  1149 ;; Hardware stack levels used: 1
  1150 ;; This function calls:
  1151 ;;		Nothing
  1152 ;; This function is called by:
  1153 ;;		_EEPROM25LCXXX_CheckBusy
  1154 ;;		_EEPROM25LCXXX_Write
  1155 ;;		_EEPROM25LCXXX_ReadMulti
  1156 ;; This function uses a non-reentrant model
  1157 ;;
  1158                           
  1159                           
  1160                           ;psect for function _SPI_WriteByte
  1161  06C9                     _SPI_WriteByte:
  1162                           
  1163                           ;incstack = 0
  1164                           ; Regs used in _SPI_WriteByte: [wreg]
  1165                           ;SPI_WriteByte@byte stored from wreg
  1166  06C9  00F0               	movwf	SPI_WriteByte@byte
  1167  06CA                     l849:
  1168                           
  1169                           ;spi.c: 94: void SPI_WriteByte(uint8_t byte);spi.c: 95: {;spi.c: 96:     unsigned char x
      +                          oaBF;;spi.c: 97:     if(SSPSTATbits.BF == 1)
  1170  06CA  1683               	bsf	3,5	;RP0=1, select bank1
  1171  06CB  1303               	bcf	3,6	;RP1=0, select bank1
  1172  06CC  1C14               	btfss	20,0	;volatile
  1173  06CD  2ECF               	goto	u151
  1174  06CE  2ED0               	goto	u150
  1175  06CF                     u151:
  1176  06CF  2ED3               	goto	l107
  1177  06D0                     u150:
  1178  06D0                     l851:
  1179  06D0  1283               	bcf	3,5	;RP0=0, select bank0
  1180  06D1  1303               	bcf	3,6	;RP1=0, select bank0
  1181  06D2  0813               	movf	19,w	;volatile
  1182  06D3                     l107:
  1183                           
  1184                           ;spi.c: 99:     SSPBUF = byte;
  1185  06D3  0870               	movf	SPI_WriteByte@byte,w
  1186  06D4  1283               	bcf	3,5	;RP0=0, select bank0
  1187  06D5  0093               	movwf	19	;volatile
  1188  06D6                     l108:	
  1189                           ;spi.c: 100:     while(BF == 0);
  1190                           
  1191  06D6  1683               	bsf	3,5	;RP0=1, select bank1
  1192  06D7  1303               	bcf	3,6	;RP1=0, select bank1
  1193  06D8  1C14               	btfss	20,0	;volatile
  1194  06D9  2EDB               	goto	u161
  1195  06DA  2EDC               	goto	u160
  1196  06DB                     u161:
  1197  06DB  2ED6               	goto	l108
  1198  06DC                     u160:
  1199  06DC                     l111:
  1200  06DC  0008               	return
  1201  06DD                     __end_of_SPI_WriteByte:
  1202                           
  1203                           	psect	text8
  1204  069B                     __ptext8:	
  1205 ;; *************** function _SPI_ReadByte *****************
  1206 ;; Defined at:
  1207 ;;		line 103 in file "spi.c"
  1208 ;; Parameters:    Size  Location     Type
  1209 ;;		None
  1210 ;; Auto vars:     Size  Location     Type
  1211 ;;		None
  1212 ;; Return value:  Size  Location     Type
  1213 ;;                  1    wreg      unsigned char 
  1214 ;; Registers used:
  1215 ;;		wreg, status,2
  1216 ;; Tracked objects:
  1217 ;;		On entry : 0/0
  1218 ;;		On exit  : 0/0
  1219 ;;		Unchanged: 0/0
  1220 ;; Data sizes:     COMMON   BANK0   BANK1   BANK3   BANK2
  1221 ;;      Params:         0       0       0       0       0
  1222 ;;      Locals:         0       0       0       0       0
  1223 ;;      Temps:          0       0       0       0       0
  1224 ;;      Totals:         0       0       0       0       0
  1225 ;;Total ram usage:        0 bytes
  1226 ;; Hardware stack levels used: 1
  1227 ;; This function calls:
  1228 ;;		Nothing
  1229 ;; This function is called by:
  1230 ;;		_EEPROM25LCXXX_CheckBusy
  1231 ;; This function uses a non-reentrant model
  1232 ;;
  1233                           
  1234                           
  1235                           ;psect for function _SPI_ReadByte
  1236  069B                     _SPI_ReadByte:
  1237  069B                     l853:	
  1238                           ;incstack = 0
  1239                           ; Regs used in _SPI_ReadByte: [wreg+status,2]
  1240                           
  1241                           
  1242                           ;spi.c: 105:     SSPBUF = 0x00;
  1243  069B  1283               	bcf	3,5	;RP0=0, select bank0
  1244  069C  1303               	bcf	3,6	;RP1=0, select bank0
  1245  069D  0193               	clrf	19	;volatile
  1246  069E                     l114:	
  1247                           ;spi.c: 106:     while(BF == 0);
  1248                           
  1249  069E  1683               	bsf	3,5	;RP0=1, select bank1
  1250  069F  1303               	bcf	3,6	;RP1=0, select bank1
  1251  06A0  1C14               	btfss	20,0	;volatile
  1252  06A1  2EA3               	goto	u171
  1253  06A2  2EA4               	goto	u170
  1254  06A3                     u171:
  1255  06A3  2E9E               	goto	l114
  1256  06A4                     u170:
  1257  06A4                     l855:
  1258                           
  1259                           ;spi.c: 107:     return SSPBUF;
  1260  06A4  1283               	bcf	3,5	;RP0=0, select bank0
  1261  06A5  1303               	bcf	3,6	;RP1=0, select bank0
  1262  06A6  0813               	movf	19,w	;volatile
  1263  06A7                     l117:
  1264  06A7  0008               	return
  1265  06A8                     __end_of_SPI_ReadByte:
  1266  007E                     btemp	set	126	;btemp
  1267  007E                     wtemp0	set	126
  1268                           
  1269                           	psect	config
  1270                           
  1271                           ;Config register CONFIG @ 0x2007
  1272                           ;	Oscillator Selection bits
  1273                           ;	FOSC = HS, HS oscillator
  1274                           ;	Watchdog Timer Enable bit
  1275                           ;	WDTE = OFF, WDT disabled
  1276                           ;	Power-up Timer Enable bit
  1277                           ;	PWRTE = OFF, PWRT disabled
  1278                           ;	Brown-out Reset Enable bit
  1279                           ;	BOREN = OFF, BOR disabled
  1280                           ;	Low-Voltage (Single-Supply) In-Circuit Serial Programming Enable bit
  1281                           ;	LVP = OFF, RB3 is digital I/O, HV on MCLR must be used for programming
  1282                           ;	Data EEPROM Memory Code Protection bit
  1283                           ;	CPD = OFF, Data EEPROM code protection off
  1284                           ;	Flash Program Memory Write Enable bits
  1285                           ;	WRT = OFF, Write protection off; all program memory may be written to by EECON control
  1286                           ;	In-Circuit Debugger Mode bit
  1287                           ;	DEBUG = 0x1, unprogrammed default
  1288                           ;	Flash Program Memory Code Protection bit
  1289                           ;	CP = OFF, Code protection off
  1290  2007                     	org	8199
  1291  2007  3F3A               	dw	16186

Data Sizes:
    Strings     0
    Constant    3
    Data        0
    BSS         0
    Persistent  0
    Stack       0

Auto Spaces:
    Space          Size  Autos    Used
    COMMON           14     14      14
    BANK0            80     11      11
    BANK1            80      0       0
    BANK3            96      0       0
    BANK2            96      0       0

Pointer List with Targets:

    SPI_ReadBlock@block	PTR void  size(1) Largest target is 10
		 -> main@array(BANK0[10]), 

    SPI_ReadBlock@data	PTR unsigned char  size(1) Largest target is 10
		 -> main@array(BANK0[10]), 

    EEPROM25LCXXX_ReadMulti@buff	PTR unsigned char  size(1) Largest target is 10
		 -> main@array(BANK0[10]), 


Critical Paths under _main in COMMON

    _main->_EEPROM25LCXXX_ReadMulti
    _EEPROM25LCXXX_Write->_EEPROM25LCXXX_CheckBusy
    _EEPROM25LCXXX_ReadMulti->_SPI_ReadBlock
    _SPI_ReadBlock->_SPI_ExchangeByte
    _EEPROM25LCXXX_CheckBusy->_SPI_WriteByte

Critical Paths under _main in BANK0

    None.

Critical Paths under _main in BANK1

    None.

Critical Paths under _main in BANK3

    None.

Critical Paths under _main in BANK2

    None.

Call Graph Tables:

 ---------------------------------------------------------------------------------
 (Depth) Function   	        Calls       Base Space   Used Autos Params    Refs
 ---------------------------------------------------------------------------------
 (0) _main                                                14    14      0    1167
                                             11 COMMON     3     3      0
                                              0 BANK0     11    11      0
            _EEPROM25LCXXX_ReadMulti
                _EEPROM25LCXXX_Write
                     _SPI_Initialize
 ---------------------------------------------------------------------------------
 (1) _SPI_Initialize                                       0     0      0       0
 ---------------------------------------------------------------------------------
 (1) _EEPROM25LCXXX_Write                                  3     0      3     287
                                              3 COMMON     3     0      3
            _EEPROM25LCXXX_CheckBusy
                      _SPI_WriteByte
 ---------------------------------------------------------------------------------
 (1) _EEPROM25LCXXX_ReadMulti                              5     0      5     584
                                              6 COMMON     5     0      5
            _EEPROM25LCXXX_CheckBusy
                      _SPI_ReadBlock
                      _SPI_WriteByte
 ---------------------------------------------------------------------------------
 (2) _SPI_ReadBlock                                        5     3      2     199
                                              1 COMMON     5     3      2
                   _SPI_ExchangeByte
 ---------------------------------------------------------------------------------
 (3) _SPI_ExchangeByte                                     1     1      0      22
                                              0 COMMON     1     1      0
 ---------------------------------------------------------------------------------
 (2) _EEPROM25LCXXX_CheckBusy                              2     2      0      46
                                              1 COMMON     2     2      0
                       _SPI_ReadByte
                      _SPI_WriteByte
 ---------------------------------------------------------------------------------
 (2) _SPI_WriteByte                                        2     2      0      23
                                              0 COMMON     1     1      0
 ---------------------------------------------------------------------------------
 (3) _SPI_ReadByte                                         0     0      0       0
 ---------------------------------------------------------------------------------
 Estimated maximum stack depth 3
 ---------------------------------------------------------------------------------

 Call Graph Graphs:

 _main (ROOT)
   _EEPROM25LCXXX_ReadMulti
     _EEPROM25LCXXX_CheckBusy
       _SPI_ReadByte
       _SPI_WriteByte
     _SPI_ReadBlock
       _SPI_ExchangeByte
     _SPI_WriteByte
   _EEPROM25LCXXX_Write
     _EEPROM25LCXXX_CheckBusy
     _SPI_WriteByte
   _SPI_Initialize

 Address spaces:
Name               Size   Autos  Total    Cost      Usage
BITCOMMON            E      0       0       0        0.0%
EEDATA             100      0       0       0        0.0%
NULL                 0      0       0       0        0.0%
CODE                 0      0       0       0        0.0%
COMMON               E      E       E       1      100.0%
BITSFR0              0      0       0       1        0.0%
SFR0                 0      0       0       1        0.0%
BITSFR1              0      0       0       2        0.0%
SFR1                 0      0       0       2        0.0%
STACK                0      0       0       2        0.0%
ABS                  0      0       0       3        0.0%
BITBANK0            50      0       0       4        0.0%
BITSFR3              0      0       0       4        0.0%
SFR3                 0      0       0       4        0.0%
BANK0               50      B       B       5       13.8%
BITSFR2              0      0       0       5        0.0%
SFR2                 0      0       0       5        0.0%
BITBANK1            50      0       0       6        0.0%
BANK1               50      0       0       7        0.0%
BITBANK3            60      0       0       8        0.0%
BANK3               60      0       0       9        0.0%
BITBANK2            60      0       0      10        0.0%
BANK2               60      0       0      11        0.0%
DATA                 0      0       0      12        0.0%


Microchip Technology PIC Macro Assembler V2.32 build 20210201212658 
Symbol Table                                                                                   Mon Feb 28 11:52:16 2022

          SPI_ReadBlock@blockSize 0071                    _SPI_Initialize 06B7                                 pc 0002  
                     _SSPSTATbits 0094                                l21 06F3                                _BF 04A0  
                              l32 0723                                l33 0745                                l26 0750  
                              l27 0778                                l70 06C8                                l80 06AD  
                              l83 06B6                                fsr 0004                               l111 06DC  
                             l104 0718                               l114 069E                               l107 06D3  
                             l108 06D6                               l117 06A7                               l901 0726  
                             l903 0738                               l911 077F                               l905 0742  
                             l921 078A                               l913 0782                               l851 06D0  
                             l907 06B7                               l923 079A                               l915 0787  
                             l853 069B                               l861 06B3                               l941 07D2  
                             l925 07A0                               l909 0779                               l855 06A4  
                             l871 06EE                               l951 07DF                               l943 07D8  
                             l935 07B9                               l927 07A6                               l849 06CA  
                             l873 06F1                               l865 06DD                               l881 0706  
                             l953 07EC                               l937 07BF                               l929 07B6  
                             l867 06E0                               l859 06A9                               l883 070A  
                             l891 0759                               l955 07F2                               l939 07CC  
                             l869 06E6                               l877 06F5                               l893 075C  
                             l885 0746                               l949 07D9                               l879 06FA  
                             l895 0775                               l887 0746                               l897 0719  
                             l889 0753                               l899 0719                               u200 0750  
                             u201 074F                               u210 0723                               u211 0722  
                             u220 07A6                               u221 07A5                               u150 06D0  
                             u230 07D8                               u151 06CF                               u231 07D7  
                             u160 06DC                               u240 07F8                               u161 06DB  
                             u241 07F7                               u170 06A4                               u171 06A3  
                             u180 06B3                               u181 06B2                               u190 0718  
                             u191 0717                               u267 07C5                               u277 07E5  
                             fsr0 0004                               indf 0000           _EEPROM25LCXXX_ReadMulti 0719  
                            _main 0779                              btemp 007E                    ?_SPI_ReadBlock 0071  
                            start 0000            __end_of_SPI_Initialize 06C9                     _SPI_WriteByte 06C9  
                           ?_main 0070                             _PORTB 0006                             _TRISB 0086  
       ??_EEPROM25LCXXX_CheckBusy 0071                             main@i 002A                             pclath 000A  
                           status 0003                             wtemp0 007E                    ?_SPI_WriteByte 0070  
                 ?_SPI_Initialize 0070                   __initialization 07FC                      __end_of_main 07FC  
                          ??_main 007B                 SPI_ReadBlock@data 0075         ??_EEPROM25LCXXX_ReadMulti 007B  
        __end_of_SPI_ExchangeByte 06B7                   ??_SPI_ReadBlock 0073                            _SSPCON 0014  
                          _SSPBUF 0013           __end_of__initialization 07FC                   ??_SPI_WriteByte 0070  
                  __pcstackCOMMON 0070        EEPROM25LCXXX_ReadMulti@len 0079                SPI_ReadBlock@block 0074  
                      __pmaintext 0779      __size_of_EEPROM25LCXXX_Write 0033                           _SSPCON2 0091  
                         _SSPSTAT 0094                        __stringtab 0003                  ??_SPI_Initialize 0070  
               SPI_WriteByte@byte 0070                           __ptext1 06B7                           __ptext2 0746  
                         __ptext3 0719                           __ptext4 06F4                           __ptext5 06A8  
                         __ptext6 06DD                           __ptext7 06C9                           __ptext8 069B  
               ?_SPI_ExchangeByte 0070              end_of_initialization 07FC                ??_SPI_ExchangeByte 0070  
                       _PORTCbits 0007                 _spi_configuration 0009          ?_EEPROM25LCXXX_CheckBusy 0070  
                       _TRISAbits 0085                         _TRISCbits 0087             __end_of_SPI_ReadBlock 0719  
                   ?_SPI_ReadByte 0070              SPI_ExchangeByte@data 0070         __end_of_spi_configuration 000C  
     EEPROM25LCXXX_ReadMulti@addr 0076       EEPROM25LCXXX_ReadMulti@buff 0078          ?_EEPROM25LCXXX_ReadMulti 0076  
             start_initialization 07FC               _EEPROM25LCXXX_Write 0746                    ??_SPI_ReadByte 0070  
           __end_of_SPI_WriteByte 06DD              ?_EEPROM25LCXXX_Write 0073   __end_of_EEPROM25LCXXX_CheckBusy 06F4  
                       ___latbits 0002                     __pcstackBANK0 0020         EEPROM25LCXXX_Write@wrdata 0075  
           ??_EEPROM25LCXXX_Write 0076   __end_of_EEPROM25LCXXX_ReadMulti 0746                         __pstrings 0003  
       EEPROM25LCXXX_CheckBusy@SR 0072         __size_of_SPI_ExchangeByte 000F                       __stringbase 0008  
                       main@array 0020              __end_of_SPI_ReadByte 06A8           EEPROM25LCXXX_Write@addr 0073  
__size_of_EEPROM25LCXXX_CheckBusy 0017           __size_of_SPI_Initialize 0012                __end_of__stringtab 0009  
__size_of_EEPROM25LCXXX_ReadMulti 002D                     __size_of_main 0083            __size_of_SPI_ReadBlock 0025  
                       stringcode 0003                  _SPI_ExchangeByte 06A8             __size_of_SPI_ReadByte 000D  
                        stringdir 0003                          stringtab 0003            __size_of_SPI_WriteByte 0014  
     __end_of_EEPROM25LCXXX_Write 0779           _EEPROM25LCXXX_CheckBusy 06DD                        _SSPCONbits 0014  
                   _SPI_ReadBlock 06F4                      _SPI_ReadByte 069B  
