
ROM used:   339/8192 (4%)
            339/8192 (4%) including unused fragments

            0.4 Average locations per line
            6.8 Average locations per statement

RAM used:   26/368 (7%) at main() level
            36/368 (10%) worst case

Stack used: 1 worst case (0 in main + 1 for interrupts)
Stack size: 8

Lines Stmts  %   Files
----- ----- ---  -----
   96    50 100  main.c
    5     0   0  main.h
  707     0   0  D:\File Install CCS C Compiler\PICC\Devices\16F877A.h
----- -----
  808    50 Total

Page ROM  %  RAM    Vol Diff  Functions:
---- --- --- ---    --- ----  ----------
0    105  31    4    544  5.5  Speed
0     62  18    6    333  4.7  @DIVS1616
0     81  24    0    475  5.2  timer0_isr
0     44  13    0    207  3.2  MAIN
 Inline         0    216  2.7  @cinit1

Program metrics:
    Functions               5
    Statements              50
    Comments                132
    Volume (V)              2520
    Difficulty (D)          21.3
    Effort to implement (E) 53706
    Time to implement (T)   50 minutes
    Est Delivered Bugs (B)  0
    Cyclomatic Complexity   12
    Maintainability (MI)    151

 Segment     Used  Free
-----------  ----  ----
00000-00003     4  0  
00004-0002E    43  0  
0002F-007FF   292  1709  
00800-00FFF     0  2048  
01000-017FF     0  2048  
01800-01FFF     0  2048  



